<?xml version="1.0" encoding="UTF-8"?>
<testsuite xmlns:xsi="http://www.w3.org/2001/XMLSchema-instance" xsi:noNamespaceSchemaLocation="https://maven.apache.org/surefire/maven-surefire-plugin/xsd/surefire-test-report-3.0.xsd" version="3.0" name="com.exercicis.TestExercici0" time="0.326" tests="35" errors="1" skipped="0" failures="13">
  <properties>
[...]
</properties>
  <testcase name="testValidarFactors" classname="com.exercicis.TestExercici0" time="0.068">
    <failure message="Els factors &apos;null, risc baix&apos; haurien de ser invàlids ==&gt; expected: &lt;false&gt; but was: &lt;true&gt;" type="org.opentest4j.AssertionFailedError"><![CDATA[org.opentest4j.AssertionFailedError: Els factors 'null, risc baix' haurien de ser invàlids ==> expected: <false> but was: <true>
	at org.junit.jupiter.api.AssertionFailureBuilder.build(AssertionFailureBuilder.java:151)
	at org.junit.jupiter.api.AssertionFailureBuilder.buildAndThrow(AssertionFailureBuilder.java:132)
	at org.junit.jupiter.api.AssertEquals.failNotEqual(AssertEquals.java:197)
	at org.junit.jupiter.api.AssertEquals.assertEquals(AssertEquals.java:182)
	at org.junit.jupiter.api.Assertions.assertEquals(Assertions.java:1156)
	at com.exercicis.TestExercici0.testValidarFactors(TestExercici0.java:77)
	at java.base/java.lang.reflect.Method.invoke(Method.java:580)
	at java.base/java.util.ArrayList.forEach(ArrayList.java:1597)
	at java.base/java.util.ArrayList.forEach(ArrayList.java:1597)
]]></failure>
  </testcase>
  <testcase name="testValidarData" classname="com.exercicis.TestExercici0" time="0.003">
    <failure message="La data &apos;2023-04-15&apos; hauria de ser vàlida ==&gt; expected: &lt;true&gt; but was: &lt;false&gt;" type="org.opentest4j.AssertionFailedError"><![CDATA[org.opentest4j.AssertionFailedError: La data '2023-04-15' hauria de ser vàlida ==> expected: <true> but was: <false>
	at org.junit.jupiter.api.AssertionFailureBuilder.build(AssertionFailureBuilder.java:151)
	at org.junit.jupiter.api.AssertionFailureBuilder.buildAndThrow(AssertionFailureBuilder.java:132)
	at org.junit.jupiter.api.AssertEquals.failNotEqual(AssertEquals.java:197)
	at org.junit.jupiter.api.AssertEquals.assertEquals(AssertEquals.java:182)
	at org.junit.jupiter.api.Assertions.assertEquals(Assertions.java:1156)
	at com.exercicis.TestExercici0.testValidarData(TestExercici0.java:206)
	at java.base/java.lang.reflect.Method.invoke(Method.java:580)
	at java.base/java.util.ArrayList.forEach(ArrayList.java:1597)
	at java.base/java.util.ArrayList.forEach(ArrayList.java:1597)
]]></failure>
  </testcase>
  <testcase name="testValidarEdat" classname="com.exercicis.TestExercici0" time="0.008"/>
  <testcase name="testValidarPreu" classname="com.exercicis.TestExercici0" time="0.003"/>
  <testcase name="testLlegirFactors" classname="com.exercicis.TestExercici0" time="0.015">
    <error message="No line found" type="java.util.NoSuchElementException"><![CDATA[java.util.NoSuchElementException: No line found
	at java.base/java.util.Scanner.nextLine(Scanner.java:1677)
	at com.exercicis.Exercici0.llegirFactors(Exercici0.java:1092)
	at com.exercicis.TestExercici0.testLlegirFactors(TestExercici0.java:1153)
	at java.base/java.lang.reflect.Method.invoke(Method.java:580)
	at java.base/java.util.ArrayList.forEach(ArrayList.java:1597)
	at java.base/java.util.ArrayList.forEach(ArrayList.java:1597)
]]></error>
  </testcase>
  <testcase name="testModificarOperacio" classname="com.exercicis.TestExercici0" time="0.01">
    <failure message="expected: &lt;Operació amb id operacio_999 no existeix.&gt; but was: &lt;Operació amb id operacio_999 no existeix&gt;" type="org.opentest4j.AssertionFailedError"><![CDATA[org.opentest4j.AssertionFailedError: expected: <Operació amb id operacio_999 no existeix.> but was: <Operació amb id operacio_999 no existeix>
	at org.junit.jupiter.api.AssertionFailureBuilder.build(AssertionFailureBuilder.java:151)
	at org.junit.jupiter.api.AssertionFailureBuilder.buildAndThrow(AssertionFailureBuilder.java:132)
	at org.junit.jupiter.api.AssertEquals.failNotEqual(AssertEquals.java:197)
	at org.junit.jupiter.api.AssertEquals.assertEquals(AssertEquals.java:182)
	at org.junit.jupiter.api.AssertEquals.assertEquals(AssertEquals.java:177)
	at org.junit.jupiter.api.Assertions.assertEquals(Assertions.java:1145)
	at com.exercicis.TestExercici0.testModificarOperacio(TestExercici0.java:531)
	at java.base/java.lang.reflect.Method.invoke(Method.java:580)
	at java.base/java.util.ArrayList.forEach(ArrayList.java:1597)
	at java.base/java.util.ArrayList.forEach(ArrayList.java:1597)
]]></failure>
  </testcase>
  <testcase name="testEsborrarClient" classname="com.exercicis.TestExercici0" time="0.003"/>
  <testcase name="testModificarClient" classname="com.exercicis.TestExercici0" time="0.002">
    <failure message="expected: &lt;Client &apos;client_101&apos; no existeix.&gt; but was: &lt;Client &apos;client_101 no existeix.&gt;" type="org.opentest4j.AssertionFailedError"><![CDATA[org.opentest4j.AssertionFailedError: expected: <Client 'client_101' no existeix.> but was: <Client 'client_101 no existeix.>
	at org.junit.jupiter.api.AssertionFailureBuilder.build(AssertionFailureBuilder.java:151)
	at org.junit.jupiter.api.AssertionFailureBuilder.buildAndThrow(AssertionFailureBuilder.java:132)
	at org.junit.jupiter.api.AssertEquals.failNotEqual(AssertEquals.java:197)
	at org.junit.jupiter.api.AssertEquals.assertEquals(AssertEquals.java:182)
	at org.junit.jupiter.api.AssertEquals.assertEquals(AssertEquals.java:177)
	at org.junit.jupiter.api.Assertions.assertEquals(Assertions.java:1145)
	at com.exercicis.TestExercici0.testModificarClient(TestExercici0.java:317)
	at java.base/java.lang.reflect.Method.invoke(Method.java:580)
	at java.base/java.util.ArrayList.forEach(ArrayList.java:1597)
	at java.base/java.util.ArrayList.forEach(ArrayList.java:1597)
]]></failure>
  </testcase>
  <testcase name="testLlistarOperacions" classname="com.exercicis.TestExercici0" time="0.004"/>
  <testcase name="testTaulaOperacionsClient0" classname="com.exercicis.TestExercici0" time="0.021">
    <failure message="&gt;&gt;&gt;&gt;&gt;&gt;&gt;&gt;&gt;&gt; Diff found &gt;&gt;&gt;&gt;&gt;&gt;&gt;&gt;&gt;&gt;&#10;Matching text:&#10;Joan, 30                          [autònom, risc mitjà]&#10;-------------------------------------------------------&#10;Tipus                         Data                 Preu&#10;&#10;First difference at position 168.&#10;Received: T&lt;difference&gt;&#10;Expected: Gestió laboral                2023-09-01         300.00&#10;&lt;&lt;&lt;&lt;&lt;&lt;&lt;&lt;&lt;&lt; Diff end &lt;&lt;&lt;&lt;&lt;&lt;&lt;&lt;&lt;&lt;&#10; ==&gt; expected: &lt;true&gt; but was: &lt;false&gt;" type="org.opentest4j.AssertionFailedError"><![CDATA[org.opentest4j.AssertionFailedError: 
>>>>>>>>>> Diff found >>>>>>>>>>
Matching text:
Joan, 30                          [autònom, risc mitjà]
-------------------------------------------------------
Tipus                         Data                 Preu

First difference at position 168.
Received: T<difference>
Expected: Gestió laboral                2023-09-01         300.00
<<<<<<<<<< Diff end <<<<<<<<<<
 ==> expected: <true> but was: <false>
	at org.junit.jupiter.api.AssertionFailureBuilder.build(AssertionFailureBuilder.java:151)
	at org.junit.jupiter.api.AssertionFailureBuilder.buildAndThrow(AssertionFailureBuilder.java:132)
	at org.junit.jupiter.api.AssertTrue.failNotTrue(AssertTrue.java:63)
	at org.junit.jupiter.api.AssertTrue.assertTrue(AssertTrue.java:36)
	at org.junit.jupiter.api.Assertions.assertTrue(Assertions.java:214)
	at com.exercicis.TestExercici0.testTaulaOperacionsClient0(TestExercici0.java:768)
	at java.base/java.lang.reflect.Method.invoke(Method.java:580)
	at java.base/java.util.ArrayList.forEach(ArrayList.java:1597)
	at java.base/java.util.ArrayList.forEach(ArrayList.java:1597)
]]></failure>
  </testcase>
  <testcase name="testTaulaOperacionsClient1" classname="com.exercicis.TestExercici0" time="0.005">
    <failure message="&gt;&gt;&gt;&gt;&gt;&gt;&gt;&gt;&gt;&gt; Diff found &gt;&gt;&gt;&gt;&gt;&gt;&gt;&gt;&gt;&gt;&#10;Matching text:&#10;Marta Puig i Puig, 45               [empresa, risc alt]&#10;-------------------------------------------------------&#10;Tipus                         Data                 Preu&#10;&#10;First difference at position 168.&#10;Received: T&lt;difference&gt;&#10;Expected: Constitució de societat       2024-01-15        1250.50&#10;&lt;&lt;&lt;&lt;&lt;&lt;&lt;&lt;&lt;&lt; Diff end &lt;&lt;&lt;&lt;&lt;&lt;&lt;&lt;&lt;&lt;&#10; ==&gt; expected: &lt;true&gt; but was: &lt;false&gt;" type="org.opentest4j.AssertionFailedError"><![CDATA[org.opentest4j.AssertionFailedError: 
>>>>>>>>>> Diff found >>>>>>>>>>
Matching text:
Marta Puig i Puig, 45               [empresa, risc alt]
-------------------------------------------------------
Tipus                         Data                 Preu

First difference at position 168.
Received: T<difference>
Expected: Constitució de societat       2024-01-15        1250.50
<<<<<<<<<< Diff end <<<<<<<<<<
 ==> expected: <true> but was: <false>
	at org.junit.jupiter.api.AssertionFailureBuilder.build(AssertionFailureBuilder.java:151)
	at org.junit.jupiter.api.AssertionFailureBuilder.buildAndThrow(AssertionFailureBuilder.java:132)
	at org.junit.jupiter.api.AssertTrue.failNotTrue(AssertTrue.java:63)
	at org.junit.jupiter.api.AssertTrue.assertTrue(AssertTrue.java:36)
	at org.junit.jupiter.api.Assertions.assertTrue(Assertions.java:214)
	at com.exercicis.TestExercici0.testTaulaOperacionsClient1(TestExercici0.java:834)
	at java.base/java.lang.reflect.Method.invoke(Method.java:580)
	at java.base/java.util.ArrayList.forEach(ArrayList.java:1597)
	at java.base/java.util.ArrayList.forEach(ArrayList.java:1597)
]]></failure>
  </testcase>
  <testcase name="testTaulaOperacionsClient2" classname="com.exercicis.TestExercici0" time="0.003">
    <failure message="&gt;&gt;&gt;&gt;&gt;&gt;&gt;&gt;&gt;&gt; Diff found &gt;&gt;&gt;&gt;&gt;&gt;&gt;&gt;&gt;&gt;&#10;Matching text:&#10;Pere Vila, 25                    [estudiant, risc baix]&#10;-------------------------------------------------------&#10;Tipus                         Data                 Preu&#10;&#10;First difference at position 168.&#10;Received: T&lt;difference&gt;&#10;Expected: Certificat                    2024-01-10          25.50&#10;&lt;&lt;&lt;&lt;&lt;&lt;&lt;&lt;&lt;&lt; Diff end &lt;&lt;&lt;&lt;&lt;&lt;&lt;&lt;&lt;&lt;&#10; ==&gt; expected: &lt;true&gt; but was: &lt;false&gt;" type="org.opentest4j.AssertionFailedError"><![CDATA[org.opentest4j.AssertionFailedError: 
>>>>>>>>>> Diff found >>>>>>>>>>
Matching text:
Pere Vila, 25                    [estudiant, risc baix]
-------------------------------------------------------
Tipus                         Data                 Preu

First difference at position 168.
Received: T<difference>
Expected: Certificat                    2024-01-10          25.50
<<<<<<<<<< Diff end <<<<<<<<<<
 ==> expected: <true> but was: <false>
	at org.junit.jupiter.api.AssertionFailureBuilder.build(AssertionFailureBuilder.java:151)
	at org.junit.jupiter.api.AssertionFailureBuilder.buildAndThrow(AssertionFailureBuilder.java:132)
	at org.junit.jupiter.api.AssertTrue.failNotTrue(AssertTrue.java:63)
	at org.junit.jupiter.api.AssertTrue.assertTrue(AssertTrue.java:36)
	at org.junit.jupiter.api.Assertions.assertTrue(Assertions.java:214)
	at com.exercicis.TestExercici0.testTaulaOperacionsClient2(TestExercici0.java:900)
	at java.base/java.lang.reflect.Method.invoke(Method.java:580)
	at java.base/java.util.ArrayList.forEach(ArrayList.java:1597)
	at java.base/java.util.ArrayList.forEach(ArrayList.java:1597)
]]></failure>
  </testcase>
  <testcase name="testValidarTipusOperacio" classname="com.exercicis.TestExercici0" time="0.001"/>
  <testcase name="testValidarNom" classname="com.exercicis.TestExercici0" time="0.002">
    <failure message="El nom &apos;Marta123&apos; hauria de ser invàlid ==&gt; expected: &lt;false&gt; but was: &lt;true&gt;" type="org.opentest4j.AssertionFailedError"><![CDATA[org.opentest4j.AssertionFailedError: El nom 'Marta123' hauria de ser invàlid ==> expected: <false> but was: <true>
	at org.junit.jupiter.api.AssertionFailureBuilder.build(AssertionFailureBuilder.java:151)
	at org.junit.jupiter.api.AssertionFailureBuilder.buildAndThrow(AssertionFailureBuilder.java:132)
	at org.junit.jupiter.api.AssertEquals.failNotEqual(AssertEquals.java:197)
	at org.junit.jupiter.api.AssertEquals.assertEquals(AssertEquals.java:182)
	at org.junit.jupiter.api.Assertions.assertEquals(Assertions.java:1156)
	at com.exercicis.TestExercici0.testValidarNom(TestExercici0.java:38)
	at java.base/java.lang.reflect.Method.invoke(Method.java:580)
	at java.base/java.util.ArrayList.forEach(ArrayList.java:1597)
	at java.base/java.util.ArrayList.forEach(ArrayList.java:1597)
]]></failure>
  </testcase>
  <testcase name="testObtenirOpcio" classname="com.exercicis.TestExercici0" time="0.009">
    <system-out><![CDATA[Selecciona una opció (número o paraula clau): Selecciona una opció (número o paraula clau): Selecciona una opció (número o paraula clau): Selecciona una opció (número o paraula clau): Selecciona una opció (número o paraula clau): Selecciona una opció (número o paraula clau): Selecciona una opció (número o paraula clau): Selecciona una opció (número o paraula clau): Selecciona una opció (número o paraula clau): Selecciona una opció (número o paraula clau): Selecciona una opció (número o paraula clau): Selecciona una opció (número o paraula clau): Selecciona una opció (número o paraula clau): Selecciona una opció (número o paraula clau): ]]></system-out>
  </testcase>
  <testcase name="testGeneraClauOperacio" classname="com.exercicis.TestExercici0" time="0.012"/>
  <testcase name="testDibuixarLlista" classname="com.exercicis.TestExercici0" time="0.002">
    <failure message="&gt;&gt;&gt;&gt;&gt;&gt;&gt;&gt;&gt;&gt; Diff found &gt;&gt;&gt;&gt;&gt;&gt;&gt;&gt;&gt;&gt;&#10;Strings differ in length. Extra content in expected string at position 0&#10;&lt;&lt;&lt;&lt;&lt;&lt;&lt;&lt;&lt;&lt; Diff end &lt;&lt;&lt;&lt;&lt;&lt;&lt;&lt;&lt;&lt;&#10; ==&gt; expected: &lt;true&gt; but was: &lt;false&gt;" type="org.opentest4j.AssertionFailedError"><![CDATA[org.opentest4j.AssertionFailedError: 
>>>>>>>>>> Diff found >>>>>>>>>>
Strings differ in length. Extra content in expected string at position 0
<<<<<<<<<< Diff end <<<<<<<<<<
 ==> expected: <true> but was: <false>
	at org.junit.jupiter.api.AssertionFailureBuilder.build(AssertionFailureBuilder.java:151)
	at org.junit.jupiter.api.AssertionFailureBuilder.buildAndThrow(AssertionFailureBuilder.java:132)
	at org.junit.jupiter.api.AssertTrue.failNotTrue(AssertTrue.java:63)
	at org.junit.jupiter.api.AssertTrue.assertTrue(AssertTrue.java:36)
	at org.junit.jupiter.api.Assertions.assertTrue(Assertions.java:214)
	at com.exercicis.TestExercici0.testDibuixarLlista(TestExercici0.java:1027)
	at java.base/java.lang.reflect.Method.invoke(Method.java:580)
	at java.base/java.util.ArrayList.forEach(ArrayList.java:1597)
	at java.base/java.util.ArrayList.forEach(ArrayList.java:1597)
]]></failure>
  </testcase>
  <testcase name="testValidarDescompte" classname="com.exercicis.TestExercici0" time="0.001"/>
  <testcase name="testIsAllDigits" classname="com.exercicis.TestExercici0" time="0.008"/>
  <testcase name="testLlistarClientsMenu" classname="com.exercicis.TestExercici0" time="0.003"/>
  <testcase name="testValidarClients" classname="com.exercicis.TestExercici0" time="0.003">
    <failure message="La llista de clients &apos;[client1, client2]&apos; amb clients globals &apos;[client1, client2, client3]&apos; hauria de ser vàlida ==&gt; expected: &lt;true&gt; but was: &lt;false&gt;" type="org.opentest4j.AssertionFailedError"><![CDATA[org.opentest4j.AssertionFailedError: La llista de clients '[client1, client2]' amb clients globals '[client1, client2, client3]' hauria de ser vàlida ==> expected: <true> but was: <false>
	at org.junit.jupiter.api.AssertionFailureBuilder.build(AssertionFailureBuilder.java:151)
	at org.junit.jupiter.api.AssertionFailureBuilder.buildAndThrow(AssertionFailureBuilder.java:132)
	at org.junit.jupiter.api.AssertEquals.failNotEqual(AssertEquals.java:197)
	at org.junit.jupiter.api.AssertEquals.assertEquals(AssertEquals.java:182)
	at org.junit.jupiter.api.Assertions.assertEquals(Assertions.java:1156)
	at com.exercicis.TestExercici0.testValidarClients(TestExercici0.java:149)
	at java.base/java.lang.reflect.Method.invoke(Method.java:580)
	at java.base/java.util.ArrayList.forEach(ArrayList.java:1597)
	at java.base/java.util.ArrayList.forEach(ArrayList.java:1597)
]]></failure>
  </testcase>
  <testcase name="testLlistarOperacionsClient" classname="com.exercicis.TestExercici0" time="0.003"/>
  <testcase name="testLlegirDescompte" classname="com.exercicis.TestExercici0" time="0.004"/>
  <testcase name="testGetCadenesMenu" classname="com.exercicis.TestExercici0" time="0.001"/>
  <testcase name="testModificarClientMenu" classname="com.exercicis.TestExercici0" time="0.005"/>
  <testcase name="testLlegirNom" classname="com.exercicis.TestExercici0" time="0.003">
    <failure message="&gt;&gt;&gt;&gt;&gt;&gt;&gt;&gt;&gt;&gt; Diff found &gt;&gt;&gt;&gt;&gt;&gt;&gt;&gt;&gt;&gt;&#10;First difference at position 0.&#10;Received: 1&lt;difference&gt;&#10;Expected: Anna&#10;&lt;&lt;&lt;&lt;&lt;&lt;&lt;&lt;&lt;&lt; Diff end &lt;&lt;&lt;&lt;&lt;&lt;&lt;&lt;&lt;&lt;&#10; ==&gt; expected: &lt;true&gt; but was: &lt;false&gt;" type="org.opentest4j.AssertionFailedError"><![CDATA[org.opentest4j.AssertionFailedError: 
>>>>>>>>>> Diff found >>>>>>>>>>
First difference at position 0.
Received: 1<difference>
Expected: Anna
<<<<<<<<<< Diff end <<<<<<<<<<
 ==> expected: <true> but was: <false>
	at org.junit.jupiter.api.AssertionFailureBuilder.build(AssertionFailureBuilder.java:151)
	at org.junit.jupiter.api.AssertionFailureBuilder.buildAndThrow(AssertionFailureBuilder.java:132)
	at org.junit.jupiter.api.AssertTrue.failNotTrue(AssertTrue.java:63)
	at org.junit.jupiter.api.AssertTrue.assertTrue(AssertTrue.java:36)
	at org.junit.jupiter.api.Assertions.assertTrue(Assertions.java:214)
	at com.exercicis.TestExercici0.testLlegirNom(TestExercici0.java:1063)
	at java.base/java.lang.reflect.Method.invoke(Method.java:580)
	at java.base/java.util.ArrayList.forEach(ArrayList.java:1597)
	at java.base/java.util.ArrayList.forEach(ArrayList.java:1597)
]]></failure>
  </testcase>
  <testcase name="testAfegirClient" classname="com.exercicis.TestExercici0" time="0.002"/>
  <testcase name="testEsborrarOperacio" classname="com.exercicis.TestExercici0" time="0.004">
    <failure message="expected: &lt;Operació amb id operacio_999 no existeix.&gt; but was: &lt;Operació amb id operacio_999 no existeix&gt;" type="org.opentest4j.AssertionFailedError"><![CDATA[org.opentest4j.AssertionFailedError: expected: <Operació amb id operacio_999 no existeix.> but was: <Operació amb id operacio_999 no existeix>
	at org.junit.jupiter.api.AssertionFailureBuilder.build(AssertionFailureBuilder.java:151)
	at org.junit.jupiter.api.AssertionFailureBuilder.buildAndThrow(AssertionFailureBuilder.java:132)
	at org.junit.jupiter.api.AssertEquals.failNotEqual(AssertEquals.java:197)
	at org.junit.jupiter.api.AssertEquals.assertEquals(AssertEquals.java:182)
	at org.junit.jupiter.api.AssertEquals.assertEquals(AssertEquals.java:177)
	at org.junit.jupiter.api.Assertions.assertEquals(Assertions.java:1145)
	at com.exercicis.TestExercici0.testEsborrarOperacio(TestExercici0.java:576)
	at java.base/java.lang.reflect.Method.invoke(Method.java:580)
	at java.base/java.util.ArrayList.forEach(ArrayList.java:1597)
	at java.base/java.util.ArrayList.forEach(ArrayList.java:1597)
]]></failure>
  </testcase>
  <testcase name="testAfegirClientMenu" classname="com.exercicis.TestExercici0" time="0.002">
    <failure message="Per l&apos;entrada &apos;Joan\n30\nautònom\nrisc alt\n10\n&apos;: L&apos;última línia no comença amb el text esperat ==&gt; expected: &lt;true&gt; but was: &lt;false&gt;" type="org.opentest4j.AssertionFailedError"><![CDATA[org.opentest4j.AssertionFailedError: Per l'entrada 'Joan\n30\nautònom\nrisc alt\n10\n': L'última línia no comença amb el text esperat ==> expected: <true> but was: <false>
	at org.junit.jupiter.api.AssertionFailureBuilder.build(AssertionFailureBuilder.java:151)
	at org.junit.jupiter.api.AssertionFailureBuilder.buildAndThrow(AssertionFailureBuilder.java:132)
	at org.junit.jupiter.api.AssertTrue.failNotTrue(AssertTrue.java:63)
	at org.junit.jupiter.api.AssertTrue.assertTrue(AssertTrue.java:36)
	at org.junit.jupiter.api.Assertions.assertTrue(Assertions.java:214)
	at com.exercicis.TestExercici0.testAfegirClientMenu(TestExercici0.java:1273)
	at java.base/java.lang.reflect.Method.invoke(Method.java:580)
	at java.base/java.util.ArrayList.forEach(ArrayList.java:1597)
	at java.base/java.util.ArrayList.forEach(ArrayList.java:1597)
]]></failure>
  </testcase>
  <testcase name="testLlistarClients" classname="com.exercicis.TestExercici0" time="0.0"/>
  <testcase name="testAfegirOperacio" classname="com.exercicis.TestExercici0" time="0.001"/>
  <testcase name="testEsborrarClientMenu" classname="com.exercicis.TestExercici0" time="0.002"/>
  <testcase name="testLlegirEdat" classname="com.exercicis.TestExercici0" time="0.004"/>
  <testcase name="testGeneraClauClient" classname="com.exercicis.TestExercici0" time="0.018"/>
  <testcase name="testAlineaColumnes" classname="com.exercicis.TestExercici0" time="0.002"/>
</testsuite>